# JRE version: OpenJDK Runtime Environment Microsoft-13877136 (25.0.3+9) (build 25.0.3+9-LTS)
# Java VM: OpenJDK 64-Bit Server VM Microsoft-13877136 (25.0.3+9-LTS, mixed mode, sharing, tiered, compressed oops, compressed class ptrs, g1 gc, linux-amd64)
GC Precious Log:
 CardTable entry size: 512
 Card Set container configuration: InlinePtr #cards 4 size 8 Array Of Cards #cards 16 size 48 Howl #buckets 8 coarsen threshold 3686 Howl Bitmap #cards 512 size 80 coarsen threshold 460 Card regions per heap region 1 cards per card region 4096
 CPUs: 2 total, 2 available
 Memory: 7944M
 Large Page Support: Disabled
 NUMA Support: Disabled
 Compressed Oops: Enabled (Zero based)
 Heap Region Size: 2M
 Heap Min Capacity: 8M
 Heap Initial Capacity: 126M
 Heap Max Capacity: 4G
 Pre-touch: Disabled
 Parallel Workers: 2
 Concurrent Workers: 1
 Concurrent Refinement Workers: 2
 Periodic GC: Disabled
 G1 Time-Based Heap Sizing enabled (uncommit-only)
 Evaluation Interval: 60s, Uncommit Delay: 300s, Min Regions To Uncommit: 10
Heap:
 garbage-first heap   total reserved 4194304K, committed 661504K, used 535684K [0x0000000700000000, 0x0000000800000000)
  region size 2048K, 103 young (210944K), 18 survivors (36864K)
GC Heap Usage History (20 events):
Event: 18.024 {heap Before GC invocations=19 (full 0):
 garbage-first heap   total reserved 4194304K, committed 471040K, used 419972K [0x0000000700000000, 0x0000000800000000)
  region size 2048K, 119 young (243712K), 6 survivors (12288K)
}
Event: 18.070 {heap After GC invocations=20 (full 0):
 garbage-first heap   total reserved 4194304K, committed 471040K, used 206980K [0x0000000700000000, 0x0000000800000000)
  region size 2048K, 15 young (30720K), 15 survivors (30720K)
}
Event: 19.262 {heap Before GC invocations=20 (full 0):
 garbage-first heap   total reserved 4194304K, committed 471040K, used 413828K [0x0000000700000000, 0x0000000800000000)
  region size 2048K, 116 young (237568K), 15 survivors (30720K)
}
Event: 19.395 {heap After GC invocations=21 (full 0):
 garbage-first heap   total reserved 4194304K, committed 471040K, used 225412K [0x0000000700000000, 0x0000000800000000)
  region size 2048K, 9 young (18432K), 9 survivors (18432K)
}
Event: 20.073 {heap Before GC invocations=21 (full 0):
 garbage-first heap   total reserved 4194304K, committed 471040K, used 292996K [0x0000000700000000, 0x0000000800000000)
  region size 2048K, 43 young (88064K), 9 survivors (18432K)
}
Event: 20.114 {heap After GC invocations=22 (full 0):
 garbage-first heap   total reserved 4194304K, committed 649216K, used 228484K [0x0000000700000000, 0x0000000800000000)
  region size 2048K, 2 young (4096K), 2 survivors (4096K)
}
Event: 22.124 {heap Before GC invocations=23 (full 0):
 garbage-first heap   total reserved 4194304K, committed 649216K, used 586884K [0x0000000700000000, 0x0000000800000000)
  region size 2048K, 175 young (358400K), 2 survivors (4096K)
}
Event: 22.169 {heap After GC invocations=24 (full 0):
 garbage-first heap   total reserved 4194304K, committed 649216K, used 247563K [0x0000000700000000, 0x0000000800000000)
  region size 2048K, 10 young (20480K), 10 survivors (20480K)
}
Event: 25.529 {heap Before GC invocations=24 (full 0):
 garbage-first heap   total reserved 4194304K, committed 649216K, used 587531K [0x0000000700000000, 0x0000000800000000)
  region size 2048K, 176 young (360448K), 10 survivors (20480K)
}
Event: 25.597 {heap After GC invocations=25 (full 0):
 garbage-first heap   total reserved 4194304K, committed 649216K, used 257022K [0x0000000700000000, 0x0000000800000000)
  region size 2048K, 16 young (32768K), 16 survivors (32768K)
}
Event: 27.794 {heap Before GC invocations=25 (full 0):
 garbage-first heap   total reserved 4194304K, committed 649216K, used 594942K [0x0000000700000000, 0x0000000800000000)
  region size 2048K, 181 young (370688K), 16 survivors (32768K)
}
Event: 27.847 {heap After GC invocations=26 (full 0):
 garbage-first heap   total reserved 4194304K, committed 649216K, used 265564K [0x0000000700000000, 0x0000000800000000)
  region size 2048K, 11 young (22528K), 11 survivors (22528K)
}
Event: 29.540 {heap Before GC invocations=27 (full 0):
 garbage-first heap   total reserved 4194304K, committed 649216K, used 601436K [0x0000000700000000, 0x0000000800000000)
  region size 2048K, 175 young (358400K), 11 survivors (22528K)
}
Event: 29.617 {heap After GC invocations=28 (full 0):
 garbage-first heap   total reserved 4194304K, committed 653312K, used 294020K [0x0000000700000000, 0x0000000800000000)
  region size 2048K, 22 young (45056K), 22 survivors (45056K)
}
Event: 31.061 {heap Before GC invocations=28 (full 0):
 garbage-first heap   total reserved 4194304K, committed 653312K, used 597124K [0x0000000700000000, 0x0000000800000000)
  region size 2048K, 170 young (348160K), 22 survivors (45056K)
}
Event: 31.122 {heap After GC invocations=29 (full 0):
 garbage-first heap   total reserved 4194304K, committed 653312K, used 284804K [0x0000000700000000, 0x0000000800000000)
  region size 2048K, 6 young (12288K), 6 survivors (12288K)
}
Event: 32.038 {heap Before GC invocations=29 (full 0):
 garbage-first heap   total reserved 4194304K, committed 653312K, used 600196K [0x0000000700000000, 0x0000000800000000)
  region size 2048K, 160 young (327680K), 6 survivors (12288K)
}
Event: 32.141 {heap After GC invocations=30 (full 0):
 garbage-first heap   total reserved 4194304K, committed 661504K, used 332932K [0x0000000700000000, 0x0000000800000000)
  region size 2048K, 20 young (40960K), 20 survivors (40960K)
}
Event: 33.420 {heap Before GC invocations=31 (full 0):
 garbage-first heap   total reserved 4194304K, committed 661504K, used 586884K [0x0000000700000000, 0x0000000800000000)
  region size 2048K, 144 young (294912K), 20 survivors (40960K)
}
Event: 33.552 {heap After GC invocations=32 (full 0):
 garbage-first heap   total reserved 4194304K, committed 661504K, used 363652K [0x0000000700000000, 0x0000000800000000)
  region size 2048K, 18 young (36864K), 18 survivors (36864K)
}

